martinsimek@martinsimek-debian:~/src/incubator/eventhub-terraform-bug$ ./apply_terraform.sh

Initializing the backend...

Initializing provider plugins...

The following providers do not have any version constraints in configuration,
so the latest version was installed.

To prevent automatic upgrades to new major versions that may contain breaking
changes, it is recommended to add version = "..." constraints to the
corresponding provider blocks in configuration, with the constraint strings
suggested below.

* provider.azurerm: version = "~> 1.35"

Terraform has been successfully initialized!

You may now begin working with Terraform. Try running "terraform plan" to see
any changes that are required for your infrastructure. All Terraform commands
should now work.

If you ever set or change modules or backend configuration for Terraform,
rerun this command to reinitialize your working directory. If you forget, other
commands will detect it and remind you to do so if necessary.
Refreshing Terraform state in-memory prior to plan...
The refreshed state will be used to calculate this plan, but will not be
persisted to local or remote state storage.

azurerm_resource_group.eventhub_terraform_bug: Refreshing state... (ID: /subscriptions/XXXXXXXX-.../resourceGroups/eventhub-terraform-bug)
azurerm_eventhub_namespace.eventhub_terraform_bug_namespace: Refreshing state... (ID: /subscriptions/XXXXXXXX-...tHub/namespaces/eventhub-terraform-bug)

------------------------------------------------------------------------

An execution plan has been generated and is shown below.
Resource actions are indicated with the following symbols:
-/+ destroy and then create replacement

Terraform will perform the following actions:

-/+ azurerm_eventhub_namespace.eventhub_terraform_bug_namespace (new resource required)
      id:                                  "/subscriptions/XXXXXXXX/resourceGroups/eventhub-terraform-bug/providers/Microsoft.EventHub/namespaces/eventhub-terraform-bug" => <computed> (forces new resource)
      auto_inflate_enabled:                "false" => "false"
      capacity:                            "1" => "1"
      default_primary_connection_string:   <sensitive> => <computed> (attribute changed)
      default_primary_key:                 <sensitive> => <computed> (attribute changed)
      default_secondary_connection_string: <sensitive> => <computed> (attribute changed)
      default_secondary_key:               <sensitive> => <computed> (attribute changed)
      kafka_enabled:                       "true" => "false" (forces new resource)
      location:                            "westeurope" => "westeurope"
      maximum_throughput_units:            "0" => <computed>
      name:                                "eventhub-terraform-bug" => "eventhub-terraform-bug"
      network_rulesets.#:                  "1" => <computed>
      resource_group_name:                 "eventhub-terraform-bug" => "eventhub-terraform-bug"
      sku:                                 "Standard" => "Standard"
      tags.%:                              "3" => <computed>


Plan: 1 to add, 0 to change, 1 to destroy.

------------------------------------------------------------------------

This plan was saved to: enrichment.tfplan

To perform exactly these actions, run the following command to apply:
    terraform apply "enrichment.tfplan"

azurerm_eventhub_namespace.eventhub_terraform_bug_namespace: Destroying... (ID: /subscriptions/XXXXXXXX-...tHub/namespaces/eventhub-terraform-bug)
azurerm_eventhub_namespace.eventhub_terraform_bug_namespace: Still destroying... (ID: /subscriptions/XXXXXXXX-...tHub/namespaces/eventhub-terraform-bug, 10s elapsed)
azurerm_eventhub_namespace.eventhub_terraform_bug_namespace: Still destroying... (ID: /subscriptions/XXXXXXXX-...tHub/namespaces/eventhub-terraform-bug, 20s elapsed)
azurerm_eventhub_namespace.eventhub_terraform_bug_namespace: Destruction complete after 27s
azurerm_eventhub_namespace.eventhub_terraform_bug_namespace: Creating...
  auto_inflate_enabled:                "" => "false"
  capacity:                            "" => "1"
  default_primary_connection_string:   "<sensitive>" => "<sensitive>"
  default_primary_key:                 "<sensitive>" => "<sensitive>"
  default_secondary_connection_string: "<sensitive>" => "<sensitive>"
  default_secondary_key:               "<sensitive>" => "<sensitive>"
  kafka_enabled:                       "" => "false"
  location:                            "" => "westeurope"
  maximum_throughput_units:            "" => "<computed>"
  name:                                "" => "eventhub-terraform-bug"
  network_rulesets.#:                  "" => "<computed>"
  resource_group_name:                 "" => "eventhub-terraform-bug"
  sku:                                 "" => "Standard"
  tags.%:                              "" => "<computed>"
azurerm_eventhub_namespace.eventhub_terraform_bug_namespace: Still creating... (10s elapsed)
azurerm_eventhub_namespace.eventhub_terraform_bug_namespace: Still creating... (20s elapsed)
azurerm_eventhub_namespace.eventhub_terraform_bug_namespace: Still creating... (30s elapsed)
azurerm_eventhub_namespace.eventhub_terraform_bug_namespace: Still creating... (40s elapsed)
azurerm_eventhub_namespace.eventhub_terraform_bug_namespace: Still creating... (50s elapsed)
azurerm_eventhub_namespace.eventhub_terraform_bug_namespace: Still creating... (1m0s elapsed)
azurerm_eventhub_namespace.eventhub_terraform_bug_namespace: Still creating... (1m10s elapsed)
azurerm_eventhub_namespace.eventhub_terraform_bug_namespace: Still creating... (1m20s elapsed)
azurerm_eventhub_namespace.eventhub_terraform_bug_namespace: Still creating... (1m30s elapsed)
azurerm_eventhub_namespace.eventhub_terraform_bug_namespace: Still creating... (1m40s elapsed)
azurerm_eventhub_namespace.eventhub_terraform_bug_namespace: Still creating... (1m50s elapsed)
azurerm_eventhub_namespace.eventhub_terraform_bug_namespace: Still creating... (2m0s elapsed)
azurerm_eventhub_namespace.eventhub_terraform_bug_namespace: Still creating... (2m11s elapsed)
azurerm_eventhub_namespace.eventhub_terraform_bug_namespace: Still creating... (2m21s elapsed)
azurerm_eventhub_namespace.eventhub_terraform_bug_namespace: Still creating... (2m31s elapsed)
azurerm_eventhub_namespace.eventhub_terraform_bug_namespace: Still creating... (2m41s elapsed)
azurerm_eventhub_namespace.eventhub_terraform_bug_namespace: Still creating... (2m51s elapsed)
azurerm_eventhub_namespace.eventhub_terraform_bug_namespace: Still creating... (3m1s elapsed)
azurerm_eventhub_namespace.eventhub_terraform_bug_namespace: Still creating... (3m11s elapsed)
azurerm_eventhub_namespace.eventhub_terraform_bug_namespace: Still creating... (3m21s elapsed)
azurerm_eventhub_namespace.eventhub_terraform_bug_namespace: Creation complete after 3m25s (ID: /subscriptions/XXXXXXXX-...tHub/namespaces/eventhub-terraform-bug)

Apply complete! Resources: 1 added, 0 changed, 1 destroyed.
